Flow report for moving_message_display
Sat Mar 23 02:48:01 2024
Quartus Prime Version 23.1std.0 Build 991 11/28/2023 SC Lite Edition


---------------------
; Table of Contents ;
---------------------
  1. Legal Notice
  2. Flow Summary
  3. Flow Settings
  4. Flow Non-Default Global Settings
  5. Flow Elapsed Time
  6. Flow OS Summary
  7. Flow Log
  8. Flow Messages
  9. Flow Suppressed Messages



----------------
; Legal Notice ;
----------------
Copyright (C) 2023  Intel Corporation. All rights reserved.
Your use of Intel Corporation's design tools, logic functions 
and other software and tools, and any partner logic 
functions, and any output files from any of the foregoing 
(including device programming or simulation files), and any 
associated documentation or information are expressly subject 
to the terms and conditions of the Intel Program License 
Subscription Agreement, the Intel Quartus Prime License Agreement,
the Intel FPGA IP License Agreement, or other applicable license
agreement, including, without limitation, that your use is for
the sole purpose of programming logic devices manufactured by
Intel and sold by Intel or its authorized distributors.  Please
refer to the applicable agreement for further details, at
https://fpgasoftware.intel.com/eula.



+-------------------------------------------------------------------------------------+
; Flow Summary                                                                        ;
+------------------------------------+------------------------------------------------+
; Flow Status                        ; Successful - Sat Mar 23 02:48:01 2024          ;
; Quartus Prime Version              ; 23.1std.0 Build 991 11/28/2023 SC Lite Edition ;
; Revision Name                      ; moving_message_display                         ;
; Top-level Entity Name              ; movingText                                     ;
; Family                             ; MAX 10                                         ;
; Device                             ; 10M50DAF484C7G                                 ;
; Timing Models                      ; Final                                          ;
; Total logic elements               ; 1,045 / 49,760 ( 2 % )                         ;
;     Total combinational functions  ; 856 / 49,760 ( 2 % )                           ;
;     Dedicated logic registers      ; 443 / 49,760 ( < 1 % )                         ;
; Total registers                    ; 443                                            ;
; Total pins                         ; 32 / 360 ( 9 % )                               ;
; Total virtual pins                 ; 0                                              ;
; Total memory bits                  ; 0 / 1,677,312 ( 0 % )                          ;
; Embedded Multiplier 9-bit elements ; 0 / 288 ( 0 % )                                ;
; Total PLLs                         ; 0 / 4 ( 0 % )                                  ;
; UFM blocks                         ; 0 / 1 ( 0 % )                                  ;
; ADC blocks                         ; 0 / 2 ( 0 % )                                  ;
+------------------------------------+------------------------------------------------+


+--------------------------------------------+
; Flow Settings                              ;
+-------------------+------------------------+
; Option            ; Setting                ;
+-------------------+------------------------+
; Start date & time ; 03/23/2024 02:47:26    ;
; Main task         ; Compilation            ;
; Revision Name     ; moving_message_display ;
+-------------------+------------------------+


+---------------------------------------------------------------------------------------------------------------------------------------------------------+
; Flow Non-Default Global Settings                                                                                                                        ;
+-------------------------------------+----------------------------------------+------------------------+-------------+-----------------------------------+
; Assignment Name                     ; Value                                  ; Default Value          ; Entity Name ; Section Id                        ;
+-------------------------------------+----------------------------------------+------------------------+-------------+-----------------------------------+
; COMPILER_SIGNATURE_ID               ; 10995770589204.171116204634056         ; --                     ; --          ; --                                ;
; EDA_GENERATE_FUNCTIONAL_NETLIST     ; Off                                    ; --                     ; --          ; eda_board_design_timing           ;
; EDA_GENERATE_FUNCTIONAL_NETLIST     ; Off                                    ; --                     ; --          ; eda_board_design_boundary_scan    ;
; EDA_GENERATE_FUNCTIONAL_NETLIST     ; Off                                    ; --                     ; --          ; eda_board_design_signal_integrity ;
; EDA_GENERATE_FUNCTIONAL_NETLIST     ; Off                                    ; --                     ; --          ; eda_board_design_symbol           ;
; EDA_OUTPUT_DATA_FORMAT              ; Vhdl                                   ; --                     ; --          ; eda_simulation                    ;
; EDA_SIMULATION_TOOL                 ; Questa Intel FPGA (VHDL)               ; <None>                 ; --          ; --                                ;
; EDA_TIME_SCALE                      ; 1 ps                                   ; --                     ; --          ; eda_simulation                    ;
; MAX_CORE_JUNCTION_TEMP              ; 85                                     ; --                     ; --          ; --                                ;
; MIN_CORE_JUNCTION_TEMP              ; 0                                      ; --                     ; --          ; --                                ;
; PARTITION_COLOR                     ; -- (Not supported for targeted family) ; --                     ; movingText  ; Top                               ;
; PARTITION_FITTER_PRESERVATION_LEVEL ; -- (Not supported for targeted family) ; --                     ; movingText  ; Top                               ;
; PARTITION_NETLIST_TYPE              ; -- (Not supported for targeted family) ; --                     ; movingText  ; Top                               ;
; POWER_BOARD_THERMAL_MODEL           ; None (CONSERVATIVE)                    ; --                     ; --          ; --                                ;
; POWER_PRESET_COOLING_SOLUTION       ; 23 MM HEAT SINK WITH 200 LFPM AIRFLOW  ; --                     ; --          ; --                                ;
; PROJECT_OUTPUT_DIRECTORY            ; output_files                           ; --                     ; --          ; --                                ;
; TOP_LEVEL_ENTITY                    ; movingText                             ; moving_message_display ; --          ; --                                ;
+-------------------------------------+----------------------------------------+------------------------+-------------+-----------------------------------+


+--------------------------------------------------------------------------------------------------------------------------+
; Flow Elapsed Time                                                                                                        ;
+----------------------+--------------+-------------------------+---------------------+------------------------------------+
; Module Name          ; Elapsed Time ; Average Processors Used ; Peak Virtual Memory ; Total CPU Time (on all processors) ;
+----------------------+--------------+-------------------------+---------------------+------------------------------------+
; Analysis & Synthesis ; 00:00:12     ; 1.0                     ; 4901 MB             ; 00:00:07                           ;
; Fitter               ; 00:00:12     ; 1.7                     ; 6076 MB             ; 00:00:09                           ;
; Assembler            ; 00:00:03     ; 1.0                     ; 4722 MB             ; 00:00:01                           ;
; Timing Analyzer      ; 00:00:03     ; 1.5                     ; 4938 MB             ; 00:00:01                           ;
; EDA Netlist Writer   ; 00:00:01     ; 1.0                     ; 4653 MB             ; 00:00:01                           ;
; Total                ; 00:00:31     ; --                      ; --                  ; 00:00:19                           ;
+----------------------+--------------+-------------------------+---------------------+------------------------------------+


+------------------------------------------------------------------------------------+
; Flow OS Summary                                                                    ;
+----------------------+------------------+------------+------------+----------------+
; Module Name          ; Machine Hostname ; OS Name    ; OS Version ; Processor type ;
+----------------------+------------------+------------+------------+----------------+
; Analysis & Synthesis ; CHICANO-79       ; Windows 10 ; 10.0       ; x86_64         ;
; Fitter               ; CHICANO-79       ; Windows 10 ; 10.0       ; x86_64         ;
; Assembler            ; CHICANO-79       ; Windows 10 ; 10.0       ; x86_64         ;
; Timing Analyzer      ; CHICANO-79       ; Windows 10 ; 10.0       ; x86_64         ;
; EDA Netlist Writer   ; CHICANO-79       ; Windows 10 ; 10.0       ; x86_64         ;
+----------------------+------------------+------------+------------+----------------+


------------
; Flow Log ;
------------
quartus_map --read_settings_files=on --write_settings_files=off moving_message_display -c moving_message_display
quartus_fit --read_settings_files=off --write_settings_files=off moving_message_display -c moving_message_display
quartus_asm --read_settings_files=off --write_settings_files=off moving_message_display -c moving_message_display
quartus_sta moving_message_display -c moving_message_display
quartus_eda --read_settings_files=off --write_settings_files=off moving_message_display -c moving_message_display



