Copyright 1986-2019 Xilinx, Inc. All Rights Reserved.
-----------------------------------------------------------------------------------------------------------------------------------------------------------
| Tool Version : Vivado v.2019.2 (win64) Build 2708876 Wed Nov  6 21:40:23 MST 2019
| Date         : Sun Feb 11 13:03:14 2024
| Host         : DESKTOP-7RQ9HLB running 64-bit major release  (build 9200)
| Command      : report_methodology -file counter_methodology_drc_routed.rpt -pb counter_methodology_drc_routed.pb -rpx counter_methodology_drc_routed.rpx
| Design       : counter
| Device       : xc7a100tcsg324-1
| Speed File   : -1
| Design State : Fully Routed
-----------------------------------------------------------------------------------------------------------------------------------------------------------

Report Methodology

Table of Contents
-----------------
1. REPORT SUMMARY
2. REPORT DETAILS

1. REPORT SUMMARY
-----------------
            Netlist: netlist
          Floorplan: design_1
      Design limits: <entire design considered>
             Max violations: <unlimited>
             Violations found: 47
+-----------+------------------+-------------------------------+------------+
| Rule      | Severity         | Description                   | Violations |
+-----------+------------------+-------------------------------+------------+
| TIMING-17 | Critical Warning | Non-clocked sequential cell   | 32         |
| TIMING-18 | Warning          | Missing input or output delay | 15         |
+-----------+------------------+-------------------------------+------------+

2. REPORT DETAILS
-----------------
TIMING-17#1 Critical Warning
Non-clocked sequential cell  
The clock pin digit_counters_reg[0][0]/C is not reached by a timing clock
Related violations: <none>

TIMING-17#2 Critical Warning
Non-clocked sequential cell  
The clock pin digit_counters_reg[0][1]/C is not reached by a timing clock
Related violations: <none>

TIMING-17#3 Critical Warning
Non-clocked sequential cell  
The clock pin digit_counters_reg[0][2]/C is not reached by a timing clock
Related violations: <none>

TIMING-17#4 Critical Warning
Non-clocked sequential cell  
The clock pin digit_counters_reg[0][3]/C is not reached by a timing clock
Related violations: <none>

TIMING-17#5 Critical Warning
Non-clocked sequential cell  
The clock pin digit_counters_reg[1][0]/C is not reached by a timing clock
Related violations: <none>

TIMING-17#6 Critical Warning
Non-clocked sequential cell  
The clock pin digit_counters_reg[1][1]/C is not reached by a timing clock
Related violations: <none>

TIMING-17#7 Critical Warning
Non-clocked sequential cell  
The clock pin digit_counters_reg[1][2]/C is not reached by a timing clock
Related violations: <none>

TIMING-17#8 Critical Warning
Non-clocked sequential cell  
The clock pin digit_counters_reg[1][3]/C is not reached by a timing clock
Related violations: <none>

TIMING-17#9 Critical Warning
Non-clocked sequential cell  
The clock pin digit_counters_reg[2][0]/C is not reached by a timing clock
Related violations: <none>

TIMING-17#10 Critical Warning
Non-clocked sequential cell  
The clock pin digit_counters_reg[2][1]/C is not reached by a timing clock
Related violations: <none>

TIMING-17#11 Critical Warning
Non-clocked sequential cell  
The clock pin digit_counters_reg[2][2]/C is not reached by a timing clock
Related violations: <none>

TIMING-17#12 Critical Warning
Non-clocked sequential cell  
The clock pin digit_counters_reg[2][3]/C is not reached by a timing clock
Related violations: <none>

TIMING-17#13 Critical Warning
Non-clocked sequential cell  
The clock pin digit_counters_reg[3][0]/C is not reached by a timing clock
Related violations: <none>

TIMING-17#14 Critical Warning
Non-clocked sequential cell  
The clock pin digit_counters_reg[3][1]/C is not reached by a timing clock
Related violations: <none>

TIMING-17#15 Critical Warning
Non-clocked sequential cell  
The clock pin digit_counters_reg[3][2]/C is not reached by a timing clock
Related violations: <none>

TIMING-17#16 Critical Warning
Non-clocked sequential cell  
The clock pin digit_counters_reg[3][3]/C is not reached by a timing clock
Related violations: <none>

TIMING-17#17 Critical Warning
Non-clocked sequential cell  
The clock pin digit_counters_reg[4][0]/C is not reached by a timing clock
Related violations: <none>

TIMING-17#18 Critical Warning
Non-clocked sequential cell  
The clock pin digit_counters_reg[4][1]/C is not reached by a timing clock
Related violations: <none>

TIMING-17#19 Critical Warning
Non-clocked sequential cell  
The clock pin digit_counters_reg[4][2]/C is not reached by a timing clock
Related violations: <none>

TIMING-17#20 Critical Warning
Non-clocked sequential cell  
The clock pin digit_counters_reg[4][3]/C is not reached by a timing clock
Related violations: <none>

TIMING-17#21 Critical Warning
Non-clocked sequential cell  
The clock pin digit_counters_reg[5][0]/C is not reached by a timing clock
Related violations: <none>

TIMING-17#22 Critical Warning
Non-clocked sequential cell  
The clock pin digit_counters_reg[5][1]/C is not reached by a timing clock
Related violations: <none>

TIMING-17#23 Critical Warning
Non-clocked sequential cell  
The clock pin digit_counters_reg[5][2]/C is not reached by a timing clock
Related violations: <none>

TIMING-17#24 Critical Warning
Non-clocked sequential cell  
The clock pin digit_counters_reg[5][3]/C is not reached by a timing clock
Related violations: <none>

TIMING-17#25 Critical Warning
Non-clocked sequential cell  
The clock pin digit_counters_reg[6][0]/C is not reached by a timing clock
Related violations: <none>

TIMING-17#26 Critical Warning
Non-clocked sequential cell  
The clock pin digit_counters_reg[6][1]/C is not reached by a timing clock
Related violations: <none>

TIMING-17#27 Critical Warning
Non-clocked sequential cell  
The clock pin digit_counters_reg[6][2]/C is not reached by a timing clock
Related violations: <none>

TIMING-17#28 Critical Warning
Non-clocked sequential cell  
The clock pin digit_counters_reg[6][3]/C is not reached by a timing clock
Related violations: <none>

TIMING-17#29 Critical Warning
Non-clocked sequential cell  
The clock pin digit_counters_reg[7][0]/C is not reached by a timing clock
Related violations: <none>

TIMING-17#30 Critical Warning
Non-clocked sequential cell  
The clock pin digit_counters_reg[7][1]/C is not reached by a timing clock
Related violations: <none>

TIMING-17#31 Critical Warning
Non-clocked sequential cell  
The clock pin digit_counters_reg[7][2]/C is not reached by a timing clock
Related violations: <none>

TIMING-17#32 Critical Warning
Non-clocked sequential cell  
The clock pin digit_counters_reg[7][3]/C is not reached by a timing clock
Related violations: <none>

TIMING-18#1 Warning
Missing input or output delay  
An output delay is missing on AN[0] relative to clock(s) clk_100MHz
Related violations: <none>

TIMING-18#2 Warning
Missing input or output delay  
An output delay is missing on AN[1] relative to clock(s) clk_100MHz
Related violations: <none>

TIMING-18#3 Warning
Missing input or output delay  
An output delay is missing on AN[2] relative to clock(s) clk_100MHz
Related violations: <none>

TIMING-18#4 Warning
Missing input or output delay  
An output delay is missing on AN[3] relative to clock(s) clk_100MHz
Related violations: <none>

TIMING-18#5 Warning
Missing input or output delay  
An output delay is missing on AN[4] relative to clock(s) clk_100MHz
Related violations: <none>

TIMING-18#6 Warning
Missing input or output delay  
An output delay is missing on AN[5] relative to clock(s) clk_100MHz
Related violations: <none>

TIMING-18#7 Warning
Missing input or output delay  
An output delay is missing on AN[6] relative to clock(s) clk_100MHz
Related violations: <none>

TIMING-18#8 Warning
Missing input or output delay  
An output delay is missing on AN[7] relative to clock(s) clk_100MHz
Related violations: <none>

TIMING-18#9 Warning
Missing input or output delay  
An output delay is missing on SEGMENT[0] relative to clock(s) clk_100MHz
Related violations: <none>

TIMING-18#10 Warning
Missing input or output delay  
An output delay is missing on SEGMENT[1] relative to clock(s) clk_100MHz
Related violations: <none>

TIMING-18#11 Warning
Missing input or output delay  
An output delay is missing on SEGMENT[2] relative to clock(s) clk_100MHz
Related violations: <none>

TIMING-18#12 Warning
Missing input or output delay  
An output delay is missing on SEGMENT[3] relative to clock(s) clk_100MHz
Related violations: <none>

TIMING-18#13 Warning
Missing input or output delay  
An output delay is missing on SEGMENT[4] relative to clock(s) clk_100MHz
Related violations: <none>

TIMING-18#14 Warning
Missing input or output delay  
An output delay is missing on SEGMENT[5] relative to clock(s) clk_100MHz
Related violations: <none>

TIMING-18#15 Warning
Missing input or output delay  
An output delay is missing on SEGMENT[6] relative to clock(s) clk_100MHz
Related violations: <none>


