Flow report for FPGA_coursework
Sun Mar 24 14:18:30 2024
Quartus Prime Version 23.1std.0 Build 991 11/28/2023 SC Lite Edition


---------------------
; Table of Contents ;
---------------------
  1. Legal Notice
  2. Flow Summary
  3. Flow Settings
  4. Flow Non-Default Global Settings
  5. Flow Elapsed Time
  6. Flow OS Summary
  7. Flow Log
  8. Flow Messages
  9. Flow Suppressed Messages



----------------
; Legal Notice ;
----------------
Copyright (C) 2023  Intel Corporation. All rights reserved.
Your use of Intel Corporation's design tools, logic functions 
and other software and tools, and any partner logic 
functions, and any output files from any of the foregoing 
(including device programming or simulation files), and any 
associated documentation or information are expressly subject 
to the terms and conditions of the Intel Program License 
Subscription Agreement, the Intel Quartus Prime License Agreement,
the Intel FPGA IP License Agreement, or other applicable license
agreement, including, without limitation, that your use is for
the sole purpose of programming logic devices manufactured by
Intel and sold by Intel or its authorized distributors.  Please
refer to the applicable agreement for further details, at
https://fpgasoftware.intel.com/eula.



+-------------------------------------------------------------------------------------+
; Flow Summary                                                                        ;
+------------------------------------+------------------------------------------------+
; Flow Status                        ; Successful - Sun Mar 24 14:18:30 2024          ;
; Quartus Prime Version              ; 23.1std.0 Build 991 11/28/2023 SC Lite Edition ;
; Revision Name                      ; FPGA_coursework                                ;
; Top-level Entity Name              ; main_top_module                                ;
; Family                             ; MAX 10                                         ;
; Device                             ; 10M50DAF484C7G                                 ;
; Timing Models                      ; Final                                          ;
; Total logic elements               ; 1,695 / 49,760 ( 3 % )                         ;
;     Total combinational functions  ; 1,516 / 49,760 ( 3 % )                         ;
;     Dedicated logic registers      ; 575 / 49,760 ( 1 % )                           ;
; Total registers                    ; 575                                            ;
; Total pins                         ; 33 / 360 ( 9 % )                               ;
; Total virtual pins                 ; 0                                              ;
; Total memory bits                  ; 0 / 1,677,312 ( 0 % )                          ;
; Embedded Multiplier 9-bit elements ; 0 / 288 ( 0 % )                                ;
; Total PLLs                         ; 0 / 4 ( 0 % )                                  ;
; UFM blocks                         ; 0 / 1 ( 0 % )                                  ;
; ADC blocks                         ; 0 / 2 ( 0 % )                                  ;
+------------------------------------+------------------------------------------------+


+-----------------------------------------+
; Flow Settings                           ;
+-------------------+---------------------+
; Option            ; Setting             ;
+-------------------+---------------------+
; Start date & time ; 03/24/2024 14:17:50 ;
; Main task         ; Compilation         ;
; Revision Name     ; FPGA_coursework     ;
+-------------------+---------------------+


+------------------------------------------------------------------------------------------------------------------------------------------------------+
; Flow Non-Default Global Settings                                                                                                                     ;
+-------------------------------------+----------------------------------------+-----------------+-----------------+-----------------------------------+
; Assignment Name                     ; Value                                  ; Default Value   ; Entity Name     ; Section Id                        ;
+-------------------------------------+----------------------------------------+-----------------+-----------------+-----------------------------------+
; COMPILER_SIGNATURE_ID               ; 10995770589204.171128987028356         ; --              ; --              ; --                                ;
; EDA_GENERATE_FUNCTIONAL_NETLIST     ; Off                                    ; --              ; --              ; eda_board_design_timing           ;
; EDA_GENERATE_FUNCTIONAL_NETLIST     ; Off                                    ; --              ; --              ; eda_timing_analysis               ;
; EDA_GENERATE_FUNCTIONAL_NETLIST     ; Off                                    ; --              ; --              ; eda_board_design_boundary_scan    ;
; EDA_GENERATE_FUNCTIONAL_NETLIST     ; Off                                    ; --              ; --              ; eda_board_design_signal_integrity ;
; EDA_GENERATE_FUNCTIONAL_NETLIST     ; Off                                    ; --              ; --              ; eda_formal_verification           ;
; EDA_GENERATE_FUNCTIONAL_NETLIST     ; Off                                    ; --              ; --              ; eda_board_design_symbol           ;
; EDA_OUTPUT_DATA_FORMAT              ; Vhdl                                   ; --              ; --              ; eda_simulation                    ;
; EDA_SIMULATION_TOOL                 ; Questa Intel FPGA (VHDL)               ; <None>          ; --              ; --                                ;
; EDA_TIME_SCALE                      ; 1 ps                                   ; --              ; --              ; eda_simulation                    ;
; MAX_CORE_JUNCTION_TEMP              ; 85                                     ; --              ; --              ; --                                ;
; MIN_CORE_JUNCTION_TEMP              ; 0                                      ; --              ; --              ; --                                ;
; PARTITION_COLOR                     ; -- (Not supported for targeted family) ; --              ; dotmatrix_show  ; Top                               ;
; PARTITION_COLOR                     ; -- (Not supported for targeted family) ; --              ; main_top_module ; Top                               ;
; PARTITION_FITTER_PRESERVATION_LEVEL ; -- (Not supported for targeted family) ; --              ; dotmatrix_show  ; Top                               ;
; PARTITION_FITTER_PRESERVATION_LEVEL ; -- (Not supported for targeted family) ; --              ; main_top_module ; Top                               ;
; PARTITION_NETLIST_TYPE              ; -- (Not supported for targeted family) ; --              ; dotmatrix_show  ; Top                               ;
; PARTITION_NETLIST_TYPE              ; -- (Not supported for targeted family) ; --              ; main_top_module ; Top                               ;
; POWER_BOARD_THERMAL_MODEL           ; None (CONSERVATIVE)                    ; --              ; --              ; --                                ;
; POWER_PRESET_COOLING_SOLUTION       ; 23 MM HEAT SINK WITH 200 LFPM AIRFLOW  ; --              ; --              ; --                                ;
; PROJECT_OUTPUT_DIRECTORY            ; output_files                           ; --              ; --              ; --                                ;
; TOP_LEVEL_ENTITY                    ; main_top_module                        ; FPGA_coursework ; --              ; --                                ;
+-------------------------------------+----------------------------------------+-----------------+-----------------+-----------------------------------+


+--------------------------------------------------------------------------------------------------------------------------+
; Flow Elapsed Time                                                                                                        ;
+----------------------+--------------+-------------------------+---------------------+------------------------------------+
; Module Name          ; Elapsed Time ; Average Processors Used ; Peak Virtual Memory ; Total CPU Time (on all processors) ;
+----------------------+--------------+-------------------------+---------------------+------------------------------------+
; Analysis & Synthesis ; 00:00:14     ; 1.0                     ; 4894 MB             ; 00:00:07                           ;
; Fitter               ; 00:00:14     ; 1.4                     ; 6093 MB             ; 00:00:07                           ;
; Assembler            ; 00:00:03     ; 1.0                     ; 4728 MB             ; 00:00:01                           ;
; Timing Analyzer      ; 00:00:05     ; 1.8                     ; 4930 MB             ; 00:00:02                           ;
; EDA Netlist Writer   ; 00:00:02     ; 1.0                     ; 4653 MB             ; 00:00:01                           ;
; Total                ; 00:00:38     ; --                      ; --                  ; 00:00:18                           ;
+----------------------+--------------+-------------------------+---------------------+------------------------------------+


+------------------------------------------------------------------------------------+
; Flow OS Summary                                                                    ;
+----------------------+------------------+------------+------------+----------------+
; Module Name          ; Machine Hostname ; OS Name    ; OS Version ; Processor type ;
+----------------------+------------------+------------+------------+----------------+
; Analysis & Synthesis ; CHICANO-79       ; Windows 10 ; 10.0       ; x86_64         ;
; Fitter               ; CHICANO-79       ; Windows 10 ; 10.0       ; x86_64         ;
; Assembler            ; CHICANO-79       ; Windows 10 ; 10.0       ; x86_64         ;
; Timing Analyzer      ; CHICANO-79       ; Windows 10 ; 10.0       ; x86_64         ;
; EDA Netlist Writer   ; CHICANO-79       ; Windows 10 ; 10.0       ; x86_64         ;
+----------------------+------------------+------------+------------+----------------+


------------
; Flow Log ;
------------
quartus_map --read_settings_files=on --write_settings_files=off FPGA_coursework -c FPGA_coursework
quartus_fit --read_settings_files=off --write_settings_files=off FPGA_coursework -c FPGA_coursework
quartus_asm --read_settings_files=off --write_settings_files=off FPGA_coursework -c FPGA_coursework
quartus_sta FPGA_coursework -c FPGA_coursework
quartus_eda --read_settings_files=off --write_settings_files=off FPGA_coursework -c FPGA_coursework



